{"meta": {"version": "6.0.2", "timestamp": "2021-10-17T21:24:55.037910", "branch_coverage": false, "show_contexts": false}, "files": {"API/ClusterHealth/views.py": {"executed_lines": [1, 2, 3, 4, 5, 6, 7, 8, 9, 11, 16, 18, 19, 24], "summary": {"covered_lines": 14, "num_statements": 16, "percent_covered": 87.5, "percent_covered_display": "88", "missing_lines": 2, "excluded_lines": 0}, "missing_lines": [12, 13], "excluded_lines": []}, "API/__init__.py": {"executed_lines": [1, 2, 3, 4, 5, 6, 7, 8, 9, 11, 16, 17, 18, 19], "summary": {"covered_lines": 13, "num_statements": 17, "percent_covered": 76.47058823529412, "percent_covered_display": "76", "missing_lines": 4, "excluded_lines": 0}, "missing_lines": [12, 14, 15, 29], "excluded_lines": []}, "app.py": {"executed_lines": [1, 2, 4, 5, 13, 14], "summary": {"covered_lines": 6, "num_statements": 10, "percent_covered": 60.0, "percent_covered_display": "60", "missing_lines": 4, "excluded_lines": 0}, "missing_lines": [10, 11, 16, 17], "excluded_lines": []}, "test_unittest_api.py": {"executed_lines": [1, 2, 3, 4, 5, 6, 7, 8, 9, 11, 15, 17, 18, 20, 22, 23, 25, 27, 30, 32, 34, 36, 38, 43, 44, 45, 46, 48, 53, 54, 55, 56, 60], "summary": {"covered_lines": 32, "num_statements": 43, "percent_covered": 74.4186046511628, "percent_covered_display": "74", "missing_lines": 11, "excluded_lines": 0}, "missing_lines": [12, 13, 58, 64, 65, 66, 67, 68, 69, 72, 73], "excluded_lines": []}}, "totals": {"covered_lines": 65, "num_statements": 86, "percent_covered": 75.5813953488372, "percent_covered_display": "76", "missing_lines": 21, "excluded_lines": 0}}